<?xml version="1.0" encoding="UTF-8"?>
<!-- Generated by org.testng.reporters.JUnitXMLReporter -->
<testsuite ignored="3" hostname="LAPTOP-NJ4R4OAH" failures="0" tests="1" name="Default test" time="124.633" errors="0" timestamp="2022-09-03T12:57:47 IST">
  <testcase classname="com.CQA.SeleniumAutomation.PopupHandling" name="hiddenDivisionPopup" time="63.331"/>
  <testcase classname="com.CQA.SeleniumAutomation.PopupHandling" name="promptPopupTest" time="0.0">
    <ignored/>
  </testcase> <!-- promptPopupTest -->
  <testcase classname="com.CQA.SeleniumAutomation.PopupHandling" name="alertPopupTest" time="0.0">
    <ignored/>
  </testcase> <!-- alertPopupTest -->
  <testcase classname="com.CQA.SeleniumAutomation.PopupHandling" name="confirmationPopupTest" time="0.0">
    <ignored/>
  </testcase> <!-- confirmationPopupTest -->
</testsuite> <!-- Default test -->
