<?xml version="1.0" encoding="UTF-8"?>
<testng-results ignored="0" total="1" passed="1" failed="0" skipped="0">
  <reporter-output>
  </reporter-output>
  <suite started-at="2022-08-18T13:53:57 IST" name="Default suite" finished-at="2022-08-18T13:55:10 IST" duration-ms="72806">
    <groups>
    </groups>
    <test started-at="2022-08-18T13:53:57 IST" name="Default test" finished-at="2022-08-18T13:55:10 IST" duration-ms="72806">
      <class name="com.CQA.SeleniumAutomation.TakeScreenshoTest">
        <test-method signature="takeScreenShotTest()[pri:0, instance:com.CQA.SeleniumAutomation.TakeScreenshoTest@1ffaf86]" started-at="2022-08-18T13:53:57 IST" name="takeScreenShotTest" finished-at="2022-08-18T13:55:10 IST" duration-ms="72724" status="PASS">
          <reporter-output>
          </reporter-output>
        </test-method> <!-- takeScreenShotTest -->
      </class> <!-- com.CQA.SeleniumAutomation.TakeScreenshoTest -->
    </test> <!-- Default test -->
  </suite> <!-- Default suite -->
</testng-results>
