<?xml version="1.0" encoding="UTF-8"?>
<testng-results ignored="1" total="2" passed="1" failed="0" skipped="0">
  <reporter-output>
  </reporter-output>
  <suite started-at="2022-08-20T13:59:23 IST" name="Default suite" finished-at="2022-08-20T14:00:02 IST" duration-ms="39440">
    <groups>
    </groups>
    <test started-at="2022-08-20T13:59:23 IST" name="Default test" finished-at="2022-08-20T14:00:02 IST" duration-ms="39440">
      <class name="com.CQA.SeleniumAutomation.FB_AutomationTest">
        <test-method is-config="true" signature="launchBrowser()[pri:0, instance:com.CQA.SeleniumAutomation.FB_AutomationTest@cb0755b]" started-at="2022-08-20T13:59:23 IST" name="launchBrowser" finished-at="2022-08-20T13:59:54 IST" duration-ms="30954" status="PASS">
          <reporter-output>
          </reporter-output>
        </test-method> <!-- launchBrowser -->
        <test-method signature="signupPageTest()[pri:0, instance:com.CQA.SeleniumAutomation.FB_AutomationTest@cb0755b]" started-at="2022-08-20T13:59:54 IST" name="signupPageTest" finished-at="2022-08-20T14:00:02 IST" duration-ms="8355" status="PASS">
          <reporter-output>
          </reporter-output>
        </test-method> <!-- signupPageTest -->
      </class> <!-- com.CQA.SeleniumAutomation.FB_AutomationTest -->
    </test> <!-- Default test -->
  </suite> <!-- Default suite -->
</testng-results>
